b..
...
...

d: 1 undefined nodes: 10 nodes/sec: 85931.3
d: 2 undefined nodes: 93 nodes/sec: 104072
d: 3 undefined nodes: 696 nodes/sec: 138858
d: 4 undefined nodes: 4523 nodes/sec: 165866
d: 5 undefined nodes: 25660 nodes/sec: 204986
d: 6 undefined nodes: 97819 nodes/sec: 226694
d: 7 undefined nodes: 344450 nodes/sec: 269381
d: 8 undefined nodes: 982350 nodes/sec: 296074
d: 9 undefined nodes: 2470716 nodes/sec: 305106
d: 10 undefined nodes: 5458501 nodes/sec: 317382
d: 11 undefined nodes: 11305474 nodes/sec: 321641
d: 12 undefined nodes: 21986129 nodes/sec: 323949
d: 13 undefined nodes: 36949543 nodes/sec: 324657
d: 14 undefined nodes: 57295418 nodes/sec: 324298
d: 15 undefined nodes: 80336747 nodes/sec: 322928
d: 16 undefined nodes: 107675262 nodes/sec: 317630
d: 17 undefined nodes: 144459590 nodes/sec: 308767
d: 18 undefined nodes: 177272164 nodes/sec: 298631
d: 19 value: 9 move: 4 nodes: 177286234 nodes/sec: 298608
pv: 4  1  3  5  7  2 

b..
.w.
...

run remotely on torrington sept 13 2019
